{"C:\\Projects\\ruuvi-gateway-influx\\src\\index.ts": {"path":"C:\\Projects\\ruuvi-gateway-influx\\src\\index.ts","statementMap":{"0":{"start":{"line":4,"column":0},"end":{"line":4,"column":93}},"1":{"start":{"line":5,"column":0},"end":{"line":5,"column":74}},"2":{"start":{"line":6,"column":0},"end":{"line":6,"column":28}},"3":{"start":{"line":8,"column":0},"end":{"line":35,"column":null}},"4":{"start":{"line":8,"column":85},"end":{"line":35,"column":null}},"5":{"start":{"line":11,"column":4},"end":{"line":13,"column":null}},"6":{"start":{"line":12,"column":8},"end":{"line":12,"column":15}},"7":{"start":{"line":15,"column":43},"end":{"line":15,"column":51}},"8":{"start":{"line":16,"column":17},"end":{"line":16,"column":70}},"9":{"start":{"line":18,"column":41},"end":{"line":21,"column":6}},"10":{"start":{"line":23,"column":21},"end":{"line":23,"column":150}},"11":{"start":{"line":25,"column":17},"end":{"line":25,"column":112}},"12":{"start":{"line":26,"column":19},"end":{"line":26,"column":47}},"13":{"start":{"line":26,"column":33},"end":{"line":26,"column":46}},"14":{"start":{"line":29,"column":4},"end":{"line":29,"column":33}},"15":{"start":{"line":32,"column":4},"end":{"line":32,"column":27}},"16":{"start":{"line":34,"column":4},"end":{"line":34,"column":22}},"17":{"start":{"line":37,"column":25},"end":{"line":58,"column":1}},"18":{"start":{"line":38,"column":4},"end":{"line":57,"column":null}},"19":{"start":{"line":41,"column":12},"end":{"line":41,"column":24}},"20":{"start":{"line":44,"column":12},"end":{"line":44,"column":49}},"21":{"start":{"line":45,"column":12},"end":{"line":45,"column":25}},"22":{"start":{"line":48,"column":12},"end":{"line":48,"column":49}},"23":{"start":{"line":49,"column":12},"end":{"line":49,"column":25}},"24":{"start":{"line":52,"column":12},"end":{"line":52,"column":49}},"25":{"start":{"line":53,"column":12},"end":{"line":53,"column":25}},"26":{"start":{"line":55,"column":12},"end":{"line":55,"column":49}},"27":{"start":{"line":56,"column":12},"end":{"line":56,"column":25}},"28":{"start":{"line":60,"column":23},"end":{"line":66,"column":null}},"29":{"start":{"line":60,"column":103},"end":{"line":66,"column":null}},"30":{"start":{"line":61,"column":19},"end":{"line":61,"column":51}},"31":{"start":{"line":62,"column":29},"end":{"line":64,"column":6}},"32":{"start":{"line":65,"column":4},"end":{"line":65,"column":26}},"33":{"start":{"line":68,"column":13},"end":{"line":108,"column":null}},"34":{"start":{"line":71,"column":23},"end":{"line":71,"column":29}},"35":{"start":{"line":72,"column":25},"end":{"line":72,"column":33}},"36":{"start":{"line":74,"column":21},"end":{"line":74,"column":24}},"37":{"start":{"line":75,"column":4},"end":{"line":77,"column":null}},"38":{"start":{"line":76,"column":8},"end":{"line":76,"column":25}},"39":{"start":{"line":78,"column":4},"end":{"line":80,"column":null}},"40":{"start":{"line":79,"column":8},"end":{"line":79,"column":25}},"41":{"start":{"line":83,"column":16},"end":{"line":86,"column":38}},"42":{"start":{"line":89,"column":4},"end":{"line":105,"column":7}},"43":{"start":{"line":91,"column":22},"end":{"line":91,"column":30}},"44":{"start":{"line":92,"column":8},"end":{"line":104,"column":null}},"45":{"start":{"line":94,"column":16},"end":{"line":94,"column":53}},"46":{"start":{"line":95,"column":16},"end":{"line":95,"column":22}},"47":{"start":{"line":97,"column":16},"end":{"line":97,"column":54}},"48":{"start":{"line":98,"column":16},"end":{"line":98,"column":22}},"49":{"start":{"line":100,"column":16},"end":{"line":100,"column":55}},"50":{"start":{"line":101,"column":16},"end":{"line":101,"column":22}},"51":{"start":{"line":103,"column":16},"end":{"line":103,"column":22}},"52":{"start":{"line":107,"column":4},"end":{"line":107,"column":17}}},"fnMap":{"0":{"name":"(anonymous_13)","decl":{"start":{"line":8,"column":16},"end":{"line":8,"column":23}},"loc":{"start":{"line":8,"column":85},"end":{"line":35,"column":null}}},"1":{"name":"(anonymous_14)","decl":{"start":{"line":8,"column":85},"end":{"line":8,"column":null}},"loc":{"start":{"line":8,"column":85},"end":{"line":35,"column":1}}},"2":{"name":"(anonymous_15)","decl":{"start":{"line":26,"column":28},"end":{"line":26,"column":29}},"loc":{"start":{"line":26,"column":33},"end":{"line":26,"column":46}}},"3":{"name":"(anonymous_16)","decl":{"start":{"line":37,"column":25},"end":{"line":37,"column":26}},"loc":{"start":{"line":37,"column":82},"end":{"line":58,"column":1}}},"4":{"name":"(anonymous_17)","decl":{"start":{"line":60,"column":23},"end":{"line":60,"column":101}},"loc":{"start":{"line":60,"column":103},"end":{"line":66,"column":null}}},"5":{"name":"(anonymous_18)","decl":{"start":{"line":60,"column":103},"end":{"line":60,"column":null}},"loc":{"start":{"line":60,"column":103},"end":{"line":66,"column":1}}},"6":{"name":"(anonymous_19)","decl":{"start":{"line":68,"column":26},"end":{"line":68,"column":27}},"loc":{"start":{"line":68,"column":57},"end":{"line":108,"column":1}}},"7":{"name":"(anonymous_20)","decl":{"start":{"line":89,"column":50},"end":{"line":89,"column":60}},"loc":{"start":{"line":89,"column":71},"end":{"line":105,"column":5}}}},"branchMap":{"0":{"loc":{"start":{"line":11,"column":4},"end":{"line":13,"column":null}},"type":"if","locations":[{"start":{"line":11,"column":4},"end":{"line":13,"column":null}},{"start":{"line":11,"column":4},"end":{"line":13,"column":null}}]},"1":{"loc":{"start":{"line":16,"column":58},"end":{"line":16,"column":60}},"type":"cond-expr","locations":[{"start":{"line":16,"column":58},"end":{"line":16,"column":60}},{"start":{"line":16,"column":58},"end":{"line":16,"column":70}}]},"2":{"loc":{"start":{"line":16,"column":17},"end":{"line":16,"column":60}},"type":"binary-expr","locations":[{"start":{"line":16,"column":17},"end":{"line":16,"column":60}},{"start":{"line":16,"column":58},"end":{"line":16,"column":60}}]},"3":{"loc":{"start":{"line":16,"column":52},"end":{"line":16,"column":54}},"type":"cond-expr","locations":[{"start":{"line":16,"column":52},"end":{"line":16,"column":54}},{"start":{"line":16,"column":52},"end":{"line":16,"column":58}}]},"4":{"loc":{"start":{"line":16,"column":17},"end":{"line":16,"column":54}},"type":"binary-expr","locations":[{"start":{"line":16,"column":17},"end":{"line":16,"column":54}},{"start":{"line":16,"column":52},"end":{"line":16,"column":54}}]},"5":{"loc":{"start":{"line":25,"column":36},"end":{"line":25,"column":72}},"type":"cond-expr","locations":[{"start":{"line":25,"column":36},"end":{"line":25,"column":72}},{"start":{"line":25,"column":75},"end":{"line":25,"column":112}}]},"6":{"loc":{"start":{"line":40,"column":8},"end":{"line":41,"column":24}},"type":"switch","locations":[{"start":{"line":40,"column":8},"end":{"line":41,"column":24}},{"start":{"line":43,"column":8},"end":{"line":45,"column":25}},{"start":{"line":47,"column":8},"end":{"line":49,"column":25}},{"start":{"line":51,"column":8},"end":{"line":53,"column":25}},{"start":{"line":54,"column":8},"end":{"line":56,"column":25}}]},"7":{"loc":{"start":{"line":75,"column":4},"end":{"line":77,"column":null}},"type":"if","locations":[{"start":{"line":75,"column":4},"end":{"line":77,"column":null}},{"start":{"line":75,"column":4},"end":{"line":77,"column":null}}]},"8":{"loc":{"start":{"line":78,"column":4},"end":{"line":80,"column":null}},"type":"if","locations":[{"start":{"line":78,"column":4},"end":{"line":80,"column":null}},{"start":{"line":78,"column":4},"end":{"line":80,"column":null}}]},"9":{"loc":{"start":{"line":93,"column":12},"end":{"line":95,"column":22}},"type":"switch","locations":[{"start":{"line":93,"column":12},"end":{"line":95,"column":22}},{"start":{"line":96,"column":12},"end":{"line":98,"column":22}},{"start":{"line":99,"column":12},"end":{"line":101,"column":22}},{"start":{"line":102,"column":12},"end":{"line":103,"column":22}}]}},"s":{"0":1,"1":1,"2":1,"3":1,"4":0,"5":0,"6":0,"7":0,"8":0,"9":0,"10":0,"11":0,"12":0,"13":0,"14":0,"15":0,"16":0,"17":1,"18":0,"19":0,"20":0,"21":0,"22":0,"23":0,"24":0,"25":0,"26":0,"27":0,"28":1,"29":0,"30":0,"31":0,"32":0,"33":1,"34":1,"35":1,"36":1,"37":1,"38":1,"39":1,"40":0,"41":1,"42":1,"43":17,"44":17,"45":13,"46":13,"47":2,"48":2,"49":1,"50":1,"51":1,"52":1},"f":{"0":0,"1":0,"2":0,"3":0,"4":0,"5":0,"6":1,"7":17},"b":{"0":[0,0],"1":[0,0],"2":[0,0],"3":[0,0],"4":[0,0],"5":[0,0],"6":[0,0,0,0,0],"7":[1,0],"8":[0,1],"9":[13,2,1,1]}}
}
