TN:
SF:src\index.ts
FN:8,(anonymous_13)
FN:8,(anonymous_14)
FN:26,(anonymous_15)
FN:37,(anonymous_16)
FN:60,(anonymous_17)
FN:60,(anonymous_18)
FN:68,(anonymous_19)
FN:89,(anonymous_20)
FNF:8
FNH:2
FNDA:0,(anonymous_13)
FNDA:0,(anonymous_14)
FNDA:0,(anonymous_15)
FNDA:0,(anonymous_16)
FNDA:0,(anonymous_17)
FNDA:0,(anonymous_18)
FNDA:1,(anonymous_19)
FNDA:17,(anonymous_20)
DA:4,1
DA:5,1
DA:6,1
DA:8,1
DA:11,0
DA:12,0
DA:15,0
DA:16,0
DA:18,0
DA:23,0
DA:25,0
DA:26,0
DA:29,0
DA:32,0
DA:34,0
DA:37,1
DA:38,0
DA:41,0
DA:44,0
DA:45,0
DA:48,0
DA:49,0
DA:52,0
DA:53,0
DA:55,0
DA:56,0
DA:60,1
DA:61,0
DA:62,0
DA:65,0
DA:68,1
DA:71,1
DA:72,1
DA:74,1
DA:75,1
DA:76,1
DA:78,1
DA:79,0
DA:83,1
DA:89,1
DA:91,17
DA:92,17
DA:94,13
DA:95,13
DA:97,2
DA:98,2
DA:100,1
DA:101,1
DA:103,1
DA:107,1
LF:50
LH:25
BRDA:11,0,0,0
BRDA:11,0,1,0
BRDA:16,1,0,0
BRDA:16,1,1,0
BRDA:16,2,0,0
BRDA:16,2,1,0
BRDA:16,3,0,0
BRDA:16,3,1,0
BRDA:16,4,0,0
BRDA:16,4,1,0
BRDA:25,5,0,0
BRDA:25,5,1,0
BRDA:40,6,0,0
BRDA:40,6,1,0
BRDA:40,6,2,0
BRDA:40,6,3,0
BRDA:40,6,4,0
BRDA:75,7,0,1
BRDA:75,7,1,0
BRDA:78,8,0,0
BRDA:78,8,1,1
BRDA:93,9,0,13
BRDA:93,9,1,2
BRDA:93,9,2,1
BRDA:93,9,3,1
BRF:25
BRH:6
end_of_record
